<?xml version="1.0" encoding="UTF-8"?>
<coverage generated="1685426663477" clover="3.2.0">
  <project timestamp="1685426663477" name="All files">
    <metrics statements="138" coveredstatements="137" conditionals="213" coveredconditionals="180" methods="51" coveredmethods="51" elements="402" coveredelements="368" complexity="0" loc="138" ncloc="138" packages="24" files="31" classes="31"/>
    <package name="assets">
      <metrics statements="14" coveredstatements="14" conditionals="0" coveredconditionals="0" methods="7" coveredmethods="7"/>
      <file name="CloseIcon.tsx" path="/home/technogetic/technogetic-iron-smart-ui/src/assets/CloseIcon.tsx">
        <metrics statements="2" coveredstatements="2" conditionals="0" coveredconditionals="0" methods="1" coveredmethods="1"/>
        <line num="3" count="1" type="stmt"/>
        <line num="4" count="4" type="stmt"/>
      </file>
      <file name="ClosePassword.tsx" path="/home/technogetic/technogetic-iron-smart-ui/src/assets/ClosePassword.tsx">
        <metrics statements="2" coveredstatements="2" conditionals="0" coveredconditionals="0" methods="1" coveredmethods="1"/>
        <line num="3" count="1" type="stmt"/>
        <line num="4" count="1" type="stmt"/>
      </file>
      <file name="DeleteIcon.tsx" path="/home/technogetic/technogetic-iron-smart-ui/src/assets/DeleteIcon.tsx">
        <metrics statements="2" coveredstatements="2" conditionals="0" coveredconditionals="0" methods="1" coveredmethods="1"/>
        <line num="3" count="1" type="stmt"/>
        <line num="4" count="3" type="stmt"/>
      </file>
      <file name="DownIcon.tsx" path="/home/technogetic/technogetic-iron-smart-ui/src/assets/DownIcon.tsx">
        <metrics statements="2" coveredstatements="2" conditionals="0" coveredconditionals="0" methods="1" coveredmethods="1"/>
        <line num="3" count="1" type="stmt"/>
        <line num="4" count="9" type="stmt"/>
      </file>
      <file name="RightArrow.tsx" path="/home/technogetic/technogetic-iron-smart-ui/src/assets/RightArrow.tsx">
        <metrics statements="2" coveredstatements="2" conditionals="0" coveredconditionals="0" methods="1" coveredmethods="1"/>
        <line num="3" count="1" type="stmt"/>
        <line num="4" count="3" type="stmt"/>
      </file>
      <file name="ShowPassword.tsx" path="/home/technogetic/technogetic-iron-smart-ui/src/assets/ShowPassword.tsx">
        <metrics statements="2" coveredstatements="2" conditionals="0" coveredconditionals="0" methods="1" coveredmethods="1"/>
        <line num="3" count="1" type="stmt"/>
        <line num="4" count="2" type="stmt"/>
      </file>
      <file name="Upload.tsx" path="/home/technogetic/technogetic-iron-smart-ui/src/assets/Upload.tsx">
        <metrics statements="2" coveredstatements="2" conditionals="0" coveredconditionals="0" methods="1" coveredmethods="1"/>
        <line num="3" count="1" type="stmt"/>
        <line num="4" count="1" type="stmt"/>
      </file>
    </package>
    <package name="components.Alert">
      <metrics statements="11" coveredstatements="11" conditionals="18" coveredconditionals="14" methods="3" coveredmethods="3"/>
      <file name="Alert.tsx" path="/home/technogetic/technogetic-iron-smart-ui/src/components/Alert/Alert.tsx">
        <metrics statements="11" coveredstatements="11" conditionals="18" coveredconditionals="14" methods="3" coveredmethods="3"/>
        <line num="7" count="1" type="cond" truecount="2" falsecount="0"/>
        <line num="8" count="7" type="stmt"/>
        <line num="9" count="7" type="stmt"/>
        <line num="10" count="2" type="stmt"/>
        <line num="12" count="7" type="cond" truecount="2" falsecount="0"/>
        <line num="13" count="4" type="stmt"/>
        <line num="14" count="1" type="stmt"/>
        <line num="18" count="7" type="cond" truecount="2" falsecount="0"/>
        <line num="19" count="2" type="stmt"/>
        <line num="22" count="5" type="stmt"/>
        <line num="28" count="5" type="stmt"/>
      </file>
    </package>
    <package name="components.AuthHoc">
      <metrics statements="6" coveredstatements="5" conditionals="2" coveredconditionals="1" methods="2" coveredmethods="2"/>
      <file name="AuthHoc.tsx" path="/home/technogetic/technogetic-iron-smart-ui/src/components/AuthHoc/AuthHoc.tsx">
        <metrics statements="6" coveredstatements="5" conditionals="2" coveredconditionals="1" methods="2" coveredmethods="2"/>
        <line num="5" count="1" type="stmt"/>
        <line num="6" count="1" type="stmt"/>
        <line num="7" count="1" type="cond" truecount="1" falsecount="1"/>
        <line num="8" count="0" type="stmt"/>
        <line num="10" count="1" type="stmt"/>
        <line num="12" count="1" type="stmt"/>
      </file>
    </package>
    <package name="components.Avatar">
      <metrics statements="6" coveredstatements="6" conditionals="7" coveredconditionals="5" methods="3" coveredmethods="3"/>
      <file name="Avatar.tsx" path="/home/technogetic/technogetic-iron-smart-ui/src/components/Avatar/Avatar.tsx">
        <metrics statements="6" coveredstatements="6" conditionals="7" coveredconditionals="5" methods="3" coveredmethods="3"/>
        <line num="6" count="1" type="cond" truecount="2" falsecount="1"/>
        <line num="7" count="3" type="stmt"/>
        <line num="8" count="2" type="stmt"/>
        <line num="10" count="4" type="stmt"/>
        <line num="12" count="2" type="stmt"/>
        <line num="15" count="3" type="stmt"/>
      </file>
    </package>
    <package name="components.Badge">
      <metrics statements="3" coveredstatements="3" conditionals="6" coveredconditionals="5" methods="1" coveredmethods="1"/>
      <file name="Badge.tsx" path="/home/technogetic/technogetic-iron-smart-ui/src/components/Badge/Badge.tsx">
        <metrics statements="3" coveredstatements="3" conditionals="6" coveredconditionals="5" methods="1" coveredmethods="1"/>
        <line num="6" count="1" type="cond" truecount="2" falsecount="0"/>
        <line num="7" count="3" type="cond" truecount="2" falsecount="0"/>
        <line num="9" count="3" type="stmt"/>
      </file>
    </package>
    <package name="components.Button">
      <metrics statements="3" coveredstatements="3" conditionals="26" coveredconditionals="19" methods="1" coveredmethods="1"/>
      <file name="Button.tsx" path="/home/technogetic/technogetic-iron-smart-ui/src/components/Button/Button.tsx">
        <metrics statements="3" coveredstatements="3" conditionals="26" coveredconditionals="19" methods="1" coveredmethods="1"/>
        <line num="6" count="1" type="stmt"/>
        <line num="7" count="9" type="cond" truecount="4" falsecount="0"/>
        <line num="9" count="9" type="stmt"/>
      </file>
    </package>
    <package name="components.Card">
      <metrics statements="5" coveredstatements="5" conditionals="7" coveredconditionals="7" methods="1" coveredmethods="1"/>
      <file name="Card.tsx" path="/home/technogetic/technogetic-iron-smart-ui/src/components/Card/Card.tsx">
        <metrics statements="5" coveredstatements="5" conditionals="7" coveredconditionals="7" methods="1" coveredmethods="1"/>
        <line num="6" count="1" type="stmt"/>
        <line num="7" count="2" type="cond" truecount="3" falsecount="0"/>
        <line num="10" count="2" type="stmt"/>
        <line num="14" count="2" type="stmt"/>
        <line num="16" count="2" type="stmt"/>
      </file>
    </package>
    <package name="components.Drawer">
      <metrics statements="3" coveredstatements="3" conditionals="6" coveredconditionals="5" methods="1" coveredmethods="1"/>
      <file name="Drawer.tsx" path="/home/technogetic/technogetic-iron-smart-ui/src/components/Drawer/Drawer.tsx">
        <metrics statements="3" coveredstatements="3" conditionals="6" coveredconditionals="5" methods="1" coveredmethods="1"/>
        <line num="6" count="1" type="cond" truecount="2" falsecount="0"/>
        <line num="7" count="4" type="stmt"/>
        <line num="14" count="4" type="stmt"/>
      </file>
    </package>
    <package name="components.IconButton">
      <metrics statements="3" coveredstatements="3" conditionals="14" coveredconditionals="10" methods="1" coveredmethods="1"/>
      <file name="IconButton.tsx" path="/home/technogetic/technogetic-iron-smart-ui/src/components/IconButton/IconButton.tsx">
        <metrics statements="3" coveredstatements="3" conditionals="14" coveredconditionals="10" methods="1" coveredmethods="1"/>
        <line num="7" count="1" type="stmt"/>
        <line num="8" count="4" type="cond" truecount="2" falsecount="0"/>
        <line num="10" count="4" type="stmt"/>
      </file>
    </package>
    <package name="components.Input">
      <metrics statements="14" coveredstatements="14" conditionals="38" coveredconditionals="32" methods="3" coveredmethods="3"/>
      <file name="Input.tsx" path="/home/technogetic/technogetic-iron-smart-ui/src/components/Input/Input.tsx">
        <metrics statements="14" coveredstatements="14" conditionals="38" coveredconditionals="32" methods="3" coveredmethods="3"/>
        <line num="8" count="1" type="stmt"/>
        <line num="9" count="6" type="cond" truecount="4" falsecount="0"/>
        <line num="10" count="6" type="stmt"/>
        <line num="11" count="6" type="stmt"/>
        <line num="12" count="2" type="stmt"/>
        <line num="14" count="6" type="cond" truecount="4" falsecount="0"/>
        <line num="15" count="6" type="cond" truecount="2" falsecount="0"/>
        <line num="17" count="6" type="stmt"/>
        <line num="18" count="6" type="stmt"/>
        <line num="19" count="6" type="stmt"/>
        <line num="20" count="6" type="cond" truecount="1" falsecount="1"/>
        <line num="21" count="6" type="cond" truecount="1" falsecount="1"/>
        <line num="22" count="6" type="cond" truecount="2" falsecount="0"/>
        <line num="24" count="6" type="stmt"/>
      </file>
    </package>
    <package name="components.Menu">
      <metrics statements="13" coveredstatements="13" conditionals="21" coveredconditionals="19" methods="5" coveredmethods="5"/>
      <file name="Menu.tsx" path="/home/technogetic/technogetic-iron-smart-ui/src/components/Menu/Menu.tsx">
        <metrics statements="13" coveredstatements="13" conditionals="21" coveredconditionals="19" methods="5" coveredmethods="5"/>
        <line num="8" count="1" type="stmt"/>
        <line num="9" count="3" type="stmt"/>
        <line num="10" count="3" type="stmt"/>
        <line num="11" count="3" type="stmt"/>
        <line num="13" count="3" type="stmt"/>
        <line num="19" count="3" type="stmt"/>
        <line num="20" count="1" type="stmt"/>
        <line num="21" count="1" type="stmt"/>
        <line num="22" count="1" type="stmt"/>
        <line num="25" count="3" type="stmt"/>
        <line num="29" count="6" type="stmt"/>
        <line num="37" count="1" type="stmt"/>
        <line num="55" count="2" type="stmt"/>
      </file>
    </package>
    <package name="components.MenuItem">
      <metrics statements="4" coveredstatements="4" conditionals="10" coveredconditionals="10" methods="2" coveredmethods="2"/>
      <file name="MenuItem.tsx" path="/home/technogetic/technogetic-iron-smart-ui/src/components/MenuItem/MenuItem.tsx">
        <metrics statements="4" coveredstatements="4" conditionals="10" coveredconditionals="10" methods="2" coveredmethods="2"/>
        <line num="6" count="2" type="cond" truecount="4" falsecount="0"/>
        <line num="7" count="11" type="stmt"/>
        <line num="8" count="3" type="stmt"/>
        <line num="10" count="11" type="stmt"/>
      </file>
      <file name="index.ts" path="/home/technogetic/technogetic-iron-smart-ui/src/components/MenuItem/index.ts">
        <metrics statements="0" coveredstatements="0" conditionals="0" coveredconditionals="0" methods="0" coveredmethods="0"/>
      </file>
    </package>
    <package name="components.NavBar">
      <metrics statements="3" coveredstatements="3" conditionals="0" coveredconditionals="0" methods="1" coveredmethods="1"/>
      <file name="NavBar.tsx" path="/home/technogetic/technogetic-iron-smart-ui/src/components/NavBar/NavBar.tsx">
        <metrics statements="3" coveredstatements="3" conditionals="0" coveredconditionals="0" methods="1" coveredmethods="1"/>
        <line num="6" count="1" type="stmt"/>
        <line num="7" count="2" type="stmt"/>
        <line num="13" count="2" type="stmt"/>
      </file>
    </package>
    <package name="components.Select">
      <metrics statements="22" coveredstatements="22" conditionals="18" coveredconditionals="16" methods="8" coveredmethods="8"/>
      <file name="Select.tsx" path="/home/technogetic/technogetic-iron-smart-ui/src/components/Select/Select.tsx">
        <metrics statements="22" coveredstatements="22" conditionals="18" coveredconditionals="16" methods="8" coveredmethods="8"/>
        <line num="8" count="1" type="cond" truecount="1" falsecount="0"/>
        <line num="9" count="9" type="stmt"/>
        <line num="10" count="9" type="stmt"/>
        <line num="11" count="9" type="stmt"/>
        <line num="12" count="9" type="stmt"/>
        <line num="13" count="3" type="stmt"/>
        <line num="15" count="9" type="stmt"/>
        <line num="16" count="5" type="cond" truecount="4" falsecount="0"/>
        <line num="17" count="2" type="stmt"/>
        <line num="20" count="9" type="stmt"/>
        <line num="21" count="4" type="stmt"/>
        <line num="22" count="4" type="stmt"/>
        <line num="23" count="4" type="stmt"/>
        <line num="26" count="9" type="stmt"/>
        <line num="27" count="1" type="stmt"/>
        <line num="28" count="1" type="stmt"/>
        <line num="29" count="1" type="cond" truecount="1" falsecount="1"/>
        <line num="30" count="1" type="stmt"/>
        <line num="33" count="9" type="stmt"/>
        <line num="38" count="9" type="stmt"/>
        <line num="49" count="9" type="stmt"/>
        <line num="50" count="1" type="stmt"/>
      </file>
    </package>
    <package name="components.Stack">
      <metrics statements="3" coveredstatements="3" conditionals="14" coveredconditionals="14" methods="1" coveredmethods="1"/>
      <file name="Stack.tsx" path="/home/technogetic/technogetic-iron-smart-ui/src/components/Stack/Stack.tsx">
        <metrics statements="3" coveredstatements="3" conditionals="14" coveredconditionals="14" methods="1" coveredmethods="1"/>
        <line num="5" count="1" type="cond" truecount="6" falsecount="0"/>
        <line num="6" count="2" type="stmt"/>
        <line num="16" count="2" type="stmt"/>
      </file>
    </package>
    <package name="components.Switch">
      <metrics statements="3" coveredstatements="3" conditionals="5" coveredconditionals="3" methods="1" coveredmethods="1"/>
      <file name="Switch.tsx" path="/home/technogetic/technogetic-iron-smart-ui/src/components/Switch/Switch.tsx">
        <metrics statements="3" coveredstatements="3" conditionals="5" coveredconditionals="3" methods="1" coveredmethods="1"/>
        <line num="5" count="1" type="stmt"/>
        <line num="6" count="2" type="cond" truecount="1" falsecount="0"/>
        <line num="7" count="2" type="stmt"/>
      </file>
    </package>
    <package name="components.Table">
      <metrics statements="2" coveredstatements="2" conditionals="2" coveredconditionals="2" methods="1" coveredmethods="1"/>
      <file name="Table.tsx" path="/home/technogetic/technogetic-iron-smart-ui/src/components/Table/Table.tsx">
        <metrics statements="2" coveredstatements="2" conditionals="2" coveredconditionals="2" methods="1" coveredmethods="1"/>
        <line num="6" count="1" type="stmt"/>
        <line num="7" count="2" type="stmt"/>
      </file>
    </package>
    <package name="components.TableBody">
      <metrics statements="2" coveredstatements="2" conditionals="0" coveredconditionals="0" methods="1" coveredmethods="1"/>
      <file name="TableBody.tsx" path="/home/technogetic/technogetic-iron-smart-ui/src/components/TableBody/TableBody.tsx">
        <metrics statements="2" coveredstatements="2" conditionals="0" coveredconditionals="0" methods="1" coveredmethods="1"/>
        <line num="5" count="1" type="stmt"/>
        <line num="6" count="1" type="stmt"/>
      </file>
    </package>
    <package name="components.TableCell">
      <metrics statements="2" coveredstatements="2" conditionals="2" coveredconditionals="2" methods="1" coveredmethods="1"/>
      <file name="TableCell.tsx" path="/home/technogetic/technogetic-iron-smart-ui/src/components/TableCell/TableCell.tsx">
        <metrics statements="2" coveredstatements="2" conditionals="2" coveredconditionals="2" methods="1" coveredmethods="1"/>
        <line num="6" count="1" type="stmt"/>
        <line num="7" count="2" type="cond" truecount="2" falsecount="0"/>
      </file>
    </package>
    <package name="components.TableHead">
      <metrics statements="2" coveredstatements="2" conditionals="2" coveredconditionals="2" methods="1" coveredmethods="1"/>
      <file name="TableHead.tsx" path="/home/technogetic/technogetic-iron-smart-ui/src/components/TableHead/TableHead.tsx">
        <metrics statements="2" coveredstatements="2" conditionals="2" coveredconditionals="2" methods="1" coveredmethods="1"/>
        <line num="6" count="1" type="stmt"/>
        <line num="7" count="2" type="cond" truecount="2" falsecount="0"/>
      </file>
    </package>
    <package name="components.TableHeader">
      <metrics statements="2" coveredstatements="2" conditionals="0" coveredconditionals="0" methods="1" coveredmethods="1"/>
      <file name="TableHeader.tsx" path="/home/technogetic/technogetic-iron-smart-ui/src/components/TableHeader/TableHeader.tsx">
        <metrics statements="2" coveredstatements="2" conditionals="0" coveredconditionals="0" methods="1" coveredmethods="1"/>
        <line num="5" count="1" type="stmt"/>
        <line num="6" count="1" type="stmt"/>
      </file>
    </package>
    <package name="components.TableRow">
      <metrics statements="2" coveredstatements="2" conditionals="2" coveredconditionals="2" methods="1" coveredmethods="1"/>
      <file name="TableRow.tsx" path="/home/technogetic/technogetic-iron-smart-ui/src/components/TableRow/TableRow.tsx">
        <metrics statements="2" coveredstatements="2" conditionals="2" coveredconditionals="2" methods="1" coveredmethods="1"/>
        <line num="6" count="1" type="stmt"/>
        <line num="7" count="2" type="cond" truecount="2" falsecount="0"/>
      </file>
    </package>
    <package name="components.TextArea">
      <metrics statements="3" coveredstatements="3" conditionals="11" coveredconditionals="10" methods="1" coveredmethods="1"/>
      <file name="TextArea.tsx" path="/home/technogetic/technogetic-iron-smart-ui/src/components/TextArea/TextArea.tsx">
        <metrics statements="3" coveredstatements="3" conditionals="11" coveredconditionals="10" methods="1" coveredmethods="1"/>
        <line num="6" count="1" type="stmt"/>
        <line num="7" count="2" type="cond" truecount="1" falsecount="0"/>
        <line num="8" count="2" type="stmt"/>
      </file>
    </package>
    <package name="components.Tooltip">
      <metrics statements="7" coveredstatements="7" conditionals="2" coveredconditionals="2" methods="3" coveredmethods="3"/>
      <file name="Tooltip.tsx" path="/home/technogetic/technogetic-iron-smart-ui/src/components/Tooltip/Tooltip.tsx">
        <metrics statements="7" coveredstatements="7" conditionals="2" coveredconditionals="2" methods="3" coveredmethods="3"/>
        <line num="6" count="1" type="stmt"/>
        <line num="7" count="3" type="stmt"/>
        <line num="8" count="3" type="stmt"/>
        <line num="9" count="1" type="stmt"/>
        <line num="11" count="3" type="stmt"/>
        <line num="12" count="1" type="stmt"/>
        <line num="14" count="3" type="stmt"/>
      </file>
    </package>
  </project>
</coverage>
