{"C:\\Users\\user1\\Downloads\\UI-Library\\src\\components\\AuthHoc\\AuthHoc.tsx": {"path":"C:\\Users\\user1\\Downloads\\UI-Library\\src\\components\\AuthHoc\\AuthHoc.tsx","statementMap":{"0":{"start":{"line":8,"column":16},"end":{"line":16,"column":1}},"1":{"start":{"line":9,"column":30},"end":{"line":14,"column":5}},"2":{"start":{"line":10,"column":8},"end":{"line":12,"column":9}},"3":{"start":{"line":11,"column":12},"end":{"line":11,"column":44}},"4":{"start":{"line":13,"column":8},"end":{"line":13,"column":47}},"5":{"start":{"line":15,"column":4},"end":{"line":15,"column":29}}},"fnMap":{"0":{"name":"(anonymous_0)","decl":{"start":{"line":8,"column":16},"end":{"line":8,"column":17}},"loc":{"start":{"line":8,"column":64},"end":{"line":16,"column":1}},"line":8},"1":{"name":"(anonymous_1)","decl":{"start":{"line":9,"column":30},"end":{"line":9,"column":31}},"loc":{"start":{"line":9,"column":52},"end":{"line":14,"column":5}},"line":9}},"branchMap":{"0":{"loc":{"start":{"line":10,"column":8},"end":{"line":12,"column":9}},"type":"if","locations":[{"start":{"line":10,"column":8},"end":{"line":12,"column":9}},{"start":{},"end":{}}],"line":10}},"s":{"0":1,"1":2,"2":4,"3":2,"4":1,"5":2},"f":{"0":2,"1":4},"b":{"0":[2,1]},"_coverageSchema":"1a1c01bbd47fc00a2c39e90264f33305004495a9","hash":"410beb604717b37435bbffb43387de84602054ca"}
,"C:\\Users\\user1\\Downloads\\UI-Library\\src\\components\\Switch\\Switch.tsx": {"path":"C:\\Users\\user1\\Downloads\\UI-Library\\src\\components\\Switch\\Switch.tsx","statementMap":{"0":{"start":{"line":10,"column":60},"end":{"line":13,"column":1}},"1":{"start":{"line":11,"column":50},"end":{"line":11,"column":55}},"2":{"start":{"line":12,"column":4},"end":{"line":12,"column":124}}},"fnMap":{"0":{"name":"(anonymous_0)","decl":{"start":{"line":10,"column":60},"end":{"line":10,"column":61}},"loc":{"start":{"line":10,"column":71},"end":{"line":13,"column":1}},"line":10}},"branchMap":{},"s":{"0":1,"1":1,"2":1},"f":{"0":1},"b":{},"_coverageSchema":"1a1c01bbd47fc00a2c39e90264f33305004495a9","hash":"0c459c93cf13cac3205cdd35a7de535f37c3f4ac"}
}
