{"/home/technogetic/technogetic-iron-smart-ui/src/assets/CloseIcon.tsx": {"path":"/home/technogetic/technogetic-iron-smart-ui/src/assets/CloseIcon.tsx","statementMap":{"0":{"start":{"line":3,"column":25},"end":{"line":9,"column":1}},"1":{"start":{"line":4,"column":4},"end":{"line":8,"column":6}}},"fnMap":{"0":{"name":"(anonymous_0)","decl":{"start":{"line":3,"column":25},"end":{"line":3,"column":26}},"loc":{"start":{"line":3,"column":31},"end":{"line":9,"column":1}},"line":3}},"branchMap":{},"s":{"0":1,"1":3},"f":{"0":3},"b":{},"_coverageSchema":"1a1c01bbd47fc00a2c39e90264f33305004495a9","hash":"0f26a1b19959d616d4bd23b0b6b6b3457f1900d3"}
,"/home/technogetic/technogetic-iron-smart-ui/src/assets/ClosePassword.tsx": {"path":"/home/technogetic/technogetic-iron-smart-ui/src/assets/ClosePassword.tsx","statementMap":{"0":{"start":{"line":3,"column":29},"end":{"line":11,"column":1}},"1":{"start":{"line":4,"column":4},"end":{"line":10,"column":6}}},"fnMap":{"0":{"name":"(anonymous_0)","decl":{"start":{"line":3,"column":29},"end":{"line":3,"column":30}},"loc":{"start":{"line":3,"column":35},"end":{"line":11,"column":1}},"line":3}},"branchMap":{},"s":{"0":1,"1":1},"f":{"0":1},"b":{},"_coverageSchema":"1a1c01bbd47fc00a2c39e90264f33305004495a9","hash":"58b740603ec30f78382cedb6ff9b8ba5bd26e182"}
,"/home/technogetic/technogetic-iron-smart-ui/src/assets/RightArrow.tsx": {"path":"/home/technogetic/technogetic-iron-smart-ui/src/assets/RightArrow.tsx","statementMap":{"0":{"start":{"line":3,"column":26},"end":{"line":9,"column":1}},"1":{"start":{"line":4,"column":4},"end":{"line":8,"column":6}}},"fnMap":{"0":{"name":"(anonymous_0)","decl":{"start":{"line":3,"column":26},"end":{"line":3,"column":27}},"loc":{"start":{"line":3,"column":32},"end":{"line":9,"column":1}},"line":3}},"branchMap":{},"s":{"0":1,"1":3},"f":{"0":3},"b":{},"_coverageSchema":"1a1c01bbd47fc00a2c39e90264f33305004495a9","hash":"b92a4ffff0228cfa19ffb61d57eb58f99ddc33da"}
,"/home/technogetic/technogetic-iron-smart-ui/src/assets/ShowPassword.tsx": {"path":"/home/technogetic/technogetic-iron-smart-ui/src/assets/ShowPassword.tsx","statementMap":{"0":{"start":{"line":3,"column":28},"end":{"line":11,"column":1}},"1":{"start":{"line":4,"column":4},"end":{"line":10,"column":6}}},"fnMap":{"0":{"name":"(anonymous_0)","decl":{"start":{"line":3,"column":28},"end":{"line":3,"column":29}},"loc":{"start":{"line":3,"column":34},"end":{"line":11,"column":1}},"line":3}},"branchMap":{},"s":{"0":1,"1":2},"f":{"0":2},"b":{},"_coverageSchema":"1a1c01bbd47fc00a2c39e90264f33305004495a9","hash":"22136b8372fc702da66a022d78c058bd7fa54064"}
,"/home/technogetic/technogetic-iron-smart-ui/src/components/Alert/Alert.tsx": {"path":"/home/technogetic/technogetic-iron-smart-ui/src/components/Alert/Alert.tsx","statementMap":{"0":{"start":{"line":13,"column":43},"end":{"line":44,"column":1}},"1":{"start":{"line":14,"column":32},"end":{"line":14,"column":46}},"2":{"start":{"line":15,"column":24},"end":{"line":17,"column":5}},"3":{"start":{"line":16,"column":8},"end":{"line":16,"column":25}},"4":{"start":{"line":18,"column":4},"end":{"line":22,"column":5}},"5":{"start":{"line":19,"column":8},"end":{"line":21,"column":20}},"6":{"start":{"line":20,"column":12},"end":{"line":20,"column":26}},"7":{"start":{"line":24,"column":4},"end":{"line":26,"column":5}},"8":{"start":{"line":25,"column":8},"end":{"line":25,"column":20}},"9":{"start":{"line":28,"column":8},"end":{"line":32,"column":14}},"10":{"start":{"line":34,"column":4},"end":{"line":43,"column":6}}},"fnMap":{"0":{"name":"(anonymous_0)","decl":{"start":{"line":13,"column":43},"end":{"line":13,"column":44}},"loc":{"start":{"line":13,"column":124},"end":{"line":44,"column":1}},"line":13},"1":{"name":"(anonymous_1)","decl":{"start":{"line":15,"column":24},"end":{"line":15,"column":25}},"loc":{"start":{"line":15,"column":30},"end":{"line":17,"column":5}},"line":15},"2":{"name":"(anonymous_2)","decl":{"start":{"line":19,"column":19},"end":{"line":19,"column":20}},"loc":{"start":{"line":19,"column":25},"end":{"line":21,"column":9}},"line":19}},"branchMap":{"0":{"loc":{"start":{"line":13,"column":55},"end":{"line":13,"column":71}},"type":"default-arg","locations":[{"start":{"line":13,"column":62},"end":{"line":13,"column":71}}],"line":13},"1":{"loc":{"start":{"line":13,"column":73},"end":{"line":13,"column":87}},"type":"default-arg","locations":[{"start":{"line":13,"column":83},"end":{"line":13,"column":87}}],"line":13},"2":{"loc":{"start":{"line":13,"column":89},"end":{"line":13,"column":106}},"type":"default-arg","locations":[{"start":{"line":13,"column":102},"end":{"line":13,"column":106}}],"line":13},"3":{"loc":{"start":{"line":18,"column":4},"end":{"line":22,"column":5}},"type":"if","locations":[{"start":{"line":18,"column":4},"end":{"line":22,"column":5}},{"start":{},"end":{}}],"line":18},"4":{"loc":{"start":{"line":24,"column":4},"end":{"line":26,"column":5}},"type":"if","locations":[{"start":{"line":24,"column":4},"end":{"line":26,"column":5}},{"start":{},"end":{}}],"line":24},"5":{"loc":{"start":{"line":29,"column":13},"end":{"line":29,"column":62}},"type":"binary-expr","locations":[{"start":{"line":29,"column":13},"end":{"line":29,"column":31}},{"start":{"line":29,"column":35},"end":{"line":29,"column":62}}],"line":29},"6":{"loc":{"start":{"line":30,"column":13},"end":{"line":30,"column":62}},"type":"binary-expr","locations":[{"start":{"line":30,"column":13},"end":{"line":30,"column":31}},{"start":{"line":30,"column":35},"end":{"line":30,"column":62}}],"line":30},"7":{"loc":{"start":{"line":31,"column":13},"end":{"line":31,"column":62}},"type":"binary-expr","locations":[{"start":{"line":31,"column":13},"end":{"line":31,"column":31}},{"start":{"line":31,"column":35},"end":{"line":31,"column":62}}],"line":31},"8":{"loc":{"start":{"line":35,"column":24},"end":{"line":35,"column":69}},"type":"cond-expr","locations":[{"start":{"line":35,"column":36},"end":{"line":35,"column":45}},{"start":{"line":35,"column":48},"end":{"line":35,"column":69}}],"line":35},"9":{"loc":{"start":{"line":36,"column":19},"end":{"line":36,"column":48}},"type":"cond-expr","locations":[{"start":{"line":36,"column":29},"end":{"line":36,"column":36}},{"start":{"line":36,"column":39},"end":{"line":36,"column":48}}],"line":36},"10":{"loc":{"start":{"line":37,"column":13},"end":{"line":41,"column":13}},"type":"binary-expr","locations":[{"start":{"line":37,"column":13},"end":{"line":37,"column":23}},{"start":{"line":38,"column":16},"end":{"line":40,"column":22}}],"line":37}},"s":{"0":1,"1":5,"2":5,"3":1,"4":5,"5":5,"6":0,"7":5,"8":1,"9":4,"10":4},"f":{"0":5,"1":1,"2":0},"b":{"0":[3],"1":[3],"2":[1],"3":[5,0],"4":[1,4],"5":[4,4],"6":[4,0],"7":[4,0],"8":[0,4],"9":[4,0],"10":[4,3]},"_coverageSchema":"1a1c01bbd47fc00a2c39e90264f33305004495a9","hash":"0ad953f170cd04924775371ede34531975d2839d"}
,"/home/technogetic/technogetic-iron-smart-ui/src/components/AuthHoc/AuthHoc.tsx": {"path":"/home/technogetic/technogetic-iron-smart-ui/src/components/AuthHoc/AuthHoc.tsx","statementMap":{"0":{"start":{"line":8,"column":23},"end":{"line":16,"column":1}},"1":{"start":{"line":9,"column":30},"end":{"line":14,"column":5}},"2":{"start":{"line":10,"column":8},"end":{"line":12,"column":9}},"3":{"start":{"line":11,"column":12},"end":{"line":11,"column":44}},"4":{"start":{"line":13,"column":8},"end":{"line":13,"column":47}},"5":{"start":{"line":15,"column":4},"end":{"line":15,"column":29}}},"fnMap":{"0":{"name":"(anonymous_0)","decl":{"start":{"line":8,"column":23},"end":{"line":8,"column":24}},"loc":{"start":{"line":8,"column":71},"end":{"line":16,"column":1}},"line":8},"1":{"name":"(anonymous_1)","decl":{"start":{"line":9,"column":30},"end":{"line":9,"column":31}},"loc":{"start":{"line":9,"column":52},"end":{"line":14,"column":5}},"line":9}},"branchMap":{"0":{"loc":{"start":{"line":10,"column":8},"end":{"line":12,"column":9}},"type":"if","locations":[{"start":{"line":10,"column":8},"end":{"line":12,"column":9}},{"start":{},"end":{}}],"line":10}},"s":{"0":1,"1":1,"2":1,"3":0,"4":1,"5":1},"f":{"0":1,"1":1},"b":{"0":[0,1]},"_coverageSchema":"1a1c01bbd47fc00a2c39e90264f33305004495a9","hash":"b66f837a855979620ca7bf2b77a3ccbd361afda1"}
,"/home/technogetic/technogetic-iron-smart-ui/src/components/Avatar/Avatar.tsx": {"path":"/home/technogetic/technogetic-iron-smart-ui/src/components/Avatar/Avatar.tsx","statementMap":{"0":{"start":{"line":14,"column":45},"end":{"line":28,"column":1}},"1":{"start":{"line":15,"column":24},"end":{"line":21,"column":5}},"2":{"start":{"line":16,"column":25},"end":{"line":19,"column":21}},"3":{"start":{"line":18,"column":27},"end":{"line":18,"column":55}},"4":{"start":{"line":20,"column":8},"end":{"line":20,"column":24}},"5":{"start":{"line":23,"column":4},"end":{"line":27,"column":6}}},"fnMap":{"0":{"name":"(anonymous_0)","decl":{"start":{"line":14,"column":45},"end":{"line":14,"column":46}},"loc":{"start":{"line":14,"column":117},"end":{"line":28,"column":1}},"line":14},"1":{"name":"(anonymous_1)","decl":{"start":{"line":15,"column":24},"end":{"line":15,"column":25}},"loc":{"start":{"line":15,"column":42},"end":{"line":21,"column":5}},"line":15},"2":{"name":"(anonymous_2)","decl":{"start":{"line":18,"column":17},"end":{"line":18,"column":18}},"loc":{"start":{"line":18,"column":27},"end":{"line":18,"column":55}},"line":18}},"branchMap":{"0":{"loc":{"start":{"line":14,"column":48},"end":{"line":14,"column":58}},"type":"default-arg","locations":[{"start":{"line":14,"column":55},"end":{"line":14,"column":58}}],"line":14},"1":{"loc":{"start":{"line":14,"column":65},"end":{"line":14,"column":79}},"type":"default-arg","locations":[{"start":{"line":14,"column":71},"end":{"line":14,"column":79}}],"line":14},"2":{"loc":{"start":{"line":14,"column":81},"end":{"line":14,"column":90}},"type":"default-arg","locations":[{"start":{"line":14,"column":88},"end":{"line":14,"column":90}}],"line":14},"3":{"loc":{"start":{"line":24,"column":24},"end":{"line":24,"column":66}},"type":"cond-expr","locations":[{"start":{"line":24,"column":36},"end":{"line":24,"column":45}},{"start":{"line":24,"column":48},"end":{"line":24,"column":66}}],"line":24},"4":{"loc":{"start":{"line":25,"column":13},"end":{"line":25,"column":132}},"type":"cond-expr","locations":[{"start":{"line":25,"column":19},"end":{"line":25,"column":70}},{"start":{"line":25,"column":73},"end":{"line":25,"column":132}}],"line":25}},"s":{"0":1,"1":3,"2":2,"3":4,"4":2,"5":3},"f":{"0":3,"1":2,"2":4},"b":{"0":[0],"1":[2],"2":[3],"3":[0,3],"4":[1,2]},"_coverageSchema":"1a1c01bbd47fc00a2c39e90264f33305004495a9","hash":"cbec3701c1fbd6e438b1f94b02e1f6eae00f960b"}
,"/home/technogetic/technogetic-iron-smart-ui/src/components/Badge/Badge.tsx": {"path":"/home/technogetic/technogetic-iron-smart-ui/src/components/Badge/Badge.tsx","statementMap":{"0":{"start":{"line":11,"column":43},"end":{"line":19,"column":1}},"1":{"start":{"line":12,"column":25},"end":{"line":12,"column":56}},"2":{"start":{"line":14,"column":4},"end":{"line":18,"column":6}}},"fnMap":{"0":{"name":"(anonymous_0)","decl":{"start":{"line":11,"column":43},"end":{"line":11,"column":44}},"loc":{"start":{"line":11,"column":92},"end":{"line":19,"column":1}},"line":11}},"branchMap":{"0":{"loc":{"start":{"line":11,"column":53},"end":{"line":11,"column":69}},"type":"default-arg","locations":[{"start":{"line":11,"column":60},"end":{"line":11,"column":69}}],"line":11},"1":{"loc":{"start":{"line":12,"column":25},"end":{"line":12,"column":56}},"type":"cond-expr","locations":[{"start":{"line":12,"column":39},"end":{"line":12,"column":48}},{"start":{"line":12,"column":51},"end":{"line":12,"column":56}}],"line":12},"2":{"loc":{"start":{"line":15,"column":25},"end":{"line":15,"column":70}},"type":"cond-expr","locations":[{"start":{"line":15,"column":37},"end":{"line":15,"column":46}},{"start":{"line":15,"column":49},"end":{"line":15,"column":70}}],"line":15}},"s":{"0":1,"1":3,"2":3},"f":{"0":3},"b":{"0":[2],"1":[1,2],"2":[0,3]},"_coverageSchema":"1a1c01bbd47fc00a2c39e90264f33305004495a9","hash":"ade1462d90558e3e10711c16218e461cabf6095f"}
,"/home/technogetic/technogetic-iron-smart-ui/src/components/Button/Button.tsx": {"path":"/home/technogetic/technogetic-iron-smart-ui/src/components/Button/Button.tsx","statementMap":{"0":{"start":{"line":16,"column":22},"end":{"line":35,"column":1}},"1":{"start":{"line":17,"column":133},"end":{"line":17,"column":138}},"2":{"start":{"line":19,"column":4},"end":{"line":34,"column":6}}},"fnMap":{"0":{"name":"(anonymous_0)","decl":{"start":{"line":16,"column":22},"end":{"line":16,"column":23}},"loc":{"start":{"line":16,"column":71},"end":{"line":35,"column":1}},"line":16}},"branchMap":{"0":{"loc":{"start":{"line":17,"column":33},"end":{"line":17,"column":55}},"type":"default-arg","locations":[{"start":{"line":17,"column":43},"end":{"line":17,"column":55}}],"line":17},"1":{"loc":{"start":{"line":17,"column":66},"end":{"line":17,"column":82}},"type":"default-arg","locations":[{"start":{"line":17,"column":77},"end":{"line":17,"column":82}}],"line":17},"2":{"loc":{"start":{"line":17,"column":95},"end":{"line":17,"column":110}},"type":"default-arg","locations":[{"start":{"line":17,"column":102},"end":{"line":17,"column":110}}],"line":17},"3":{"loc":{"start":{"line":17,"column":112},"end":{"line":17,"column":128}},"type":"default-arg","locations":[{"start":{"line":17,"column":123},"end":{"line":17,"column":128}}],"line":17},"4":{"loc":{"start":{"line":21,"column":13},"end":{"line":32,"column":13}},"type":"cond-expr","locations":[{"start":{"line":22,"column":16},"end":{"line":24,"column":25}},{"start":{"line":26,"column":16},"end":{"line":31,"column":19}}],"line":21},"5":{"loc":{"start":{"line":22,"column":63},"end":{"line":22,"column":113}},"type":"cond-expr","locations":[{"start":{"line":22,"column":75},"end":{"line":22,"column":84}},{"start":{"line":22,"column":87},"end":{"line":22,"column":113}}],"line":22},"6":{"loc":{"start":{"line":22,"column":116},"end":{"line":22,"column":149}},"type":"cond-expr","locations":[{"start":{"line":22,"column":127},"end":{"line":22,"column":144}},{"start":{"line":22,"column":147},"end":{"line":22,"column":149}}],"line":22},"7":{"loc":{"start":{"line":23,"column":21},"end":{"line":23,"column":51}},"type":"cond-expr","locations":[{"start":{"line":23,"column":32},"end":{"line":23,"column":40}},{"start":{"line":23,"column":43},"end":{"line":23,"column":51}}],"line":23},"8":{"loc":{"start":{"line":28,"column":41},"end":{"line":28,"column":91}},"type":"cond-expr","locations":[{"start":{"line":28,"column":53},"end":{"line":28,"column":62}},{"start":{"line":28,"column":65},"end":{"line":28,"column":91}}],"line":28},"9":{"loc":{"start":{"line":28,"column":94},"end":{"line":28,"column":127}},"type":"cond-expr","locations":[{"start":{"line":28,"column":105},"end":{"line":28,"column":122}},{"start":{"line":28,"column":125},"end":{"line":28,"column":127}}],"line":28},"10":{"loc":{"start":{"line":29,"column":25},"end":{"line":29,"column":62}},"type":"cond-expr","locations":[{"start":{"line":29,"column":36},"end":{"line":29,"column":44}},{"start":{"line":29,"column":47},"end":{"line":29,"column":62}}],"line":29}},"s":{"0":1,"1":7,"2":7},"f":{"0":7},"b":{"0":[7],"1":[7],"2":[4],"3":[6],"4":[4,3],"5":[0,4],"6":[0,4],"7":[3,1],"8":[0,3],"9":[0,3],"10":[3,0]},"_coverageSchema":"1a1c01bbd47fc00a2c39e90264f33305004495a9","hash":"3c725f63948a6d3695d90b8dc375478b449ec6b7"}
,"/home/technogetic/technogetic-iron-smart-ui/src/components/Card/Card.tsx": {"path":"/home/technogetic/technogetic-iron-smart-ui/src/components/Card/Card.tsx","statementMap":{"0":{"start":{"line":13,"column":20},"end":{"line":38,"column":1}},"1":{"start":{"line":14,"column":102},"end":{"line":14,"column":107}},"2":{"start":{"line":17,"column":8},"end":{"line":19,"column":14}},"3":{"start":{"line":22,"column":8},"end":{"line":26,"column":14}},"4":{"start":{"line":29,"column":4},"end":{"line":37,"column":6}}},"fnMap":{"0":{"name":"(anonymous_0)","decl":{"start":{"line":13,"column":20},"end":{"line":13,"column":21}},"loc":{"start":{"line":13,"column":67},"end":{"line":38,"column":1}},"line":13}},"branchMap":{"0":{"loc":{"start":{"line":14,"column":32},"end":{"line":14,"column":52}},"type":"default-arg","locations":[{"start":{"line":14,"column":40},"end":{"line":14,"column":52}}],"line":14},"1":{"loc":{"start":{"line":14,"column":62},"end":{"line":14,"column":84}},"type":"default-arg","locations":[{"start":{"line":14,"column":71},"end":{"line":14,"column":84}}],"line":14},"2":{"loc":{"start":{"line":18,"column":44},"end":{"line":18,"column":145}},"type":"cond-expr","locations":[{"start":{"line":18,"column":58},"end":{"line":18,"column":122}},{"start":{"line":18,"column":125},"end":{"line":18,"column":145}}],"line":18},"3":{"loc":{"start":{"line":18,"column":58},"end":{"line":18,"column":122}},"type":"binary-expr","locations":[{"start":{"line":18,"column":58},"end":{"line":18,"column":69}},{"start":{"line":18,"column":73},"end":{"line":18,"column":122}}],"line":18},"4":{"loc":{"start":{"line":30,"column":35},"end":{"line":30,"column":79}},"type":"cond-expr","locations":[{"start":{"line":30,"column":47},"end":{"line":30,"column":56}},{"start":{"line":30,"column":59},"end":{"line":30,"column":79}}],"line":30}},"s":{"0":1,"1":2,"2":2,"3":2,"4":2},"f":{"0":2},"b":{"0":[2],"1":[2],"2":[0,2],"3":[0,0],"4":[0,2]},"_coverageSchema":"1a1c01bbd47fc00a2c39e90264f33305004495a9","hash":"b4d6f2164d14f8254e7a01c9465cdd18d58717d0"}
,"/home/technogetic/technogetic-iron-smart-ui/src/components/Drawer/Drawer.tsx": {"path":"/home/technogetic/technogetic-iron-smart-ui/src/components/Drawer/Drawer.tsx","statementMap":{"0":{"start":{"line":15,"column":45},"end":{"line":32,"column":1}},"1":{"start":{"line":16,"column":46},"end":{"line":21,"column":5}},"2":{"start":{"line":23,"column":4},"end":{"line":31,"column":6}}},"fnMap":{"0":{"name":"(anonymous_0)","decl":{"start":{"line":15,"column":45},"end":{"line":15,"column":46}},"loc":{"start":{"line":15,"column":130},"end":{"line":32,"column":1}},"line":15}},"branchMap":{"0":{"loc":{"start":{"line":15,"column":48},"end":{"line":15,"column":62}},"type":"default-arg","locations":[{"start":{"line":15,"column":56},"end":{"line":15,"column":62}}],"line":15},"1":{"loc":{"start":{"line":15,"column":100},"end":{"line":15,"column":113}},"type":"default-arg","locations":[{"start":{"line":15,"column":109},"end":{"line":15,"column":113}}],"line":15},"2":{"loc":{"start":{"line":25,"column":13},"end":{"line":29,"column":13}},"type":"binary-expr","locations":[{"start":{"line":25,"column":13},"end":{"line":25,"column":19}},{"start":{"line":26,"column":16},"end":{"line":28,"column":22}}],"line":25},"3":{"loc":{"start":{"line":26,"column":32},"end":{"line":26,"column":98}},"type":"cond-expr","locations":[{"start":{"line":26,"column":44},"end":{"line":26,"column":53}},{"start":{"line":26,"column":56},"end":{"line":26,"column":98}}],"line":26}},"s":{"0":1,"1":2,"2":2},"f":{"0":2},"b":{"0":[1],"1":[2],"2":[2,2],"3":[0,2]},"_coverageSchema":"1a1c01bbd47fc00a2c39e90264f33305004495a9","hash":"0ae0194fcc8500467e7e039268b71b4ab4beea7b"}
,"/home/technogetic/technogetic-iron-smart-ui/src/components/Input/Input.tsx": {"path":"/home/technogetic/technogetic-iron-smart-ui/src/components/Input/Input.tsx","statementMap":{"0":{"start":{"line":20,"column":58},"end":{"line":105,"column":1}},"1":{"start":{"line":21,"column":146},"end":{"line":21,"column":151}},"2":{"start":{"line":22,"column":44},"end":{"line":22,"column":59}},"3":{"start":{"line":23,"column":37},"end":{"line":25,"column":5}},"4":{"start":{"line":24,"column":8},"end":{"line":24,"column":51}},"5":{"start":{"line":24,"column":39},"end":{"line":24,"column":49}},"6":{"start":{"line":26,"column":22},"end":{"line":26,"column":87}},"7":{"start":{"line":27,"column":27},"end":{"line":27,"column":93}},"8":{"start":{"line":29,"column":31},"end":{"line":29,"column":44}},"9":{"start":{"line":30,"column":24},"end":{"line":30,"column":30}},"10":{"start":{"line":31,"column":29},"end":{"line":31,"column":34}},"11":{"start":{"line":32,"column":4},"end":{"line":32,"column":48}},"12":{"start":{"line":32,"column":21},"end":{"line":32,"column":48}},"13":{"start":{"line":33,"column":4},"end":{"line":33,"column":27}},"14":{"start":{"line":33,"column":14},"end":{"line":33,"column":27}},"15":{"start":{"line":34,"column":4},"end":{"line":34,"column":39}},"16":{"start":{"line":34,"column":18},"end":{"line":34,"column":39}},"17":{"start":{"line":36,"column":4},"end":{"line":104,"column":6}}},"fnMap":{"0":{"name":"(anonymous_0)","decl":{"start":{"line":20,"column":58},"end":{"line":20,"column":59}},"loc":{"start":{"line":20,"column":69},"end":{"line":105,"column":1}},"line":20},"1":{"name":"(anonymous_1)","decl":{"start":{"line":23,"column":37},"end":{"line":23,"column":38}},"loc":{"start":{"line":23,"column":43},"end":{"line":25,"column":5}},"line":23},"2":{"name":"(anonymous_2)","decl":{"start":{"line":24,"column":24},"end":{"line":24,"column":25}},"loc":{"start":{"line":24,"column":39},"end":{"line":24,"column":49}},"line":24}},"branchMap":{"0":{"loc":{"start":{"line":21,"column":12},"end":{"line":21,"column":35}},"type":"default-arg","locations":[{"start":{"line":21,"column":24},"end":{"line":21,"column":35}}],"line":21},"1":{"loc":{"start":{"line":21,"column":50},"end":{"line":21,"column":67}},"type":"default-arg","locations":[{"start":{"line":21,"column":62},"end":{"line":21,"column":67}}],"line":21},"2":{"loc":{"start":{"line":21,"column":69},"end":{"line":21,"column":85}},"type":"default-arg","locations":[{"start":{"line":21,"column":80},"end":{"line":21,"column":85}}],"line":21},"3":{"loc":{"start":{"line":26,"column":22},"end":{"line":26,"column":87}},"type":"cond-expr","locations":[{"start":{"line":26,"column":45},"end":{"line":26,"column":79}},{"start":{"line":26,"column":83},"end":{"line":26,"column":87}}],"line":26},"4":{"loc":{"start":{"line":26,"column":45},"end":{"line":26,"column":79}},"type":"cond-expr","locations":[{"start":{"line":26,"column":60},"end":{"line":26,"column":66}},{"start":{"line":26,"column":69},"end":{"line":26,"column":79}}],"line":26},"5":{"loc":{"start":{"line":27,"column":54},"end":{"line":27,"column":91}},"type":"cond-expr","locations":[{"start":{"line":27,"column":76},"end":{"line":27,"column":86}},{"start":{"line":27,"column":89},"end":{"line":27,"column":91}}],"line":27},"6":{"loc":{"start":{"line":32,"column":4},"end":{"line":32,"column":48}},"type":"if","locations":[{"start":{"line":32,"column":4},"end":{"line":32,"column":48}},{"start":{},"end":{}}],"line":32},"7":{"loc":{"start":{"line":33,"column":4},"end":{"line":33,"column":27}},"type":"if","locations":[{"start":{"line":33,"column":4},"end":{"line":33,"column":27}},{"start":{},"end":{}}],"line":33},"8":{"loc":{"start":{"line":34,"column":4},"end":{"line":34,"column":39}},"type":"if","locations":[{"start":{"line":34,"column":4},"end":{"line":34,"column":39}},{"start":{},"end":{}}],"line":34},"9":{"loc":{"start":{"line":38,"column":13},"end":{"line":47,"column":13}},"type":"binary-expr","locations":[{"start":{"line":38,"column":13},"end":{"line":38,"column":32}},{"start":{"line":39,"column":16},"end":{"line":46,"column":19}}],"line":38},"10":{"loc":{"start":{"line":43,"column":29},"end":{"line":43,"column":80}},"type":"cond-expr","locations":[{"start":{"line":43,"column":44},"end":{"line":43,"column":61}},{"start":{"line":43,"column":64},"end":{"line":43,"column":80}}],"line":43},"11":{"loc":{"start":{"line":48,"column":13},"end":{"line":54,"column":13}},"type":"binary-expr","locations":[{"start":{"line":48,"column":13},"end":{"line":48,"column":32}},{"start":{"line":48,"column":36},"end":{"line":48,"column":46}},{"start":{"line":48,"column":50},"end":{"line":48,"column":59}},{"start":{"line":49,"column":16},"end":{"line":53,"column":19}}],"line":48},"12":{"loc":{"start":{"line":55,"column":13},"end":{"line":78,"column":13}},"type":"binary-expr","locations":[{"start":{"line":55,"column":13},"end":{"line":55,"column":32}},{"start":{"line":55,"column":36},"end":{"line":55,"column":45}},{"start":{"line":56,"column":16},"end":{"line":77,"column":19}}],"line":55},"13":{"loc":{"start":{"line":79,"column":13},"end":{"line":102,"column":13}},"type":"binary-expr","locations":[{"start":{"line":79,"column":13},"end":{"line":79,"column":32}},{"start":{"line":79,"column":36},"end":{"line":79,"column":44}},{"start":{"line":80,"column":16},"end":{"line":101,"column":19}}],"line":79}},"s":{"0":1,"1":6,"2":6,"3":6,"4":2,"5":2,"6":6,"7":6,"8":6,"9":6,"10":6,"11":6,"12":6,"13":6,"14":6,"15":6,"16":1,"17":6},"f":{"0":6,"1":2,"2":2},"b":{"0":[6],"1":[6],"2":[6],"3":[3,3],"4":[1,2],"5":[3,3],"6":[6,0],"7":[6,0],"8":[1,5],"9":[6,3],"10":[1,2],"11":[6,3,2,1],"12":[6,3,1],"13":[6,3,1]},"_coverageSchema":"1a1c01bbd47fc00a2c39e90264f33305004495a9","hash":"9094474278a3cd6772c9a32f53054521cff33f01"}
,"/home/technogetic/technogetic-iron-smart-ui/src/components/Menu/Menu.tsx": {"path":"/home/technogetic/technogetic-iron-smart-ui/src/components/Menu/Menu.tsx","statementMap":{"0":{"start":{"line":28,"column":60},"end":{"line":88,"column":1}},"1":{"start":{"line":29,"column":34},"end":{"line":29,"column":58}},"2":{"start":{"line":30,"column":36},"end":{"line":30,"column":63}},"3":{"start":{"line":31,"column":42},"end":{"line":31,"column":69}},"4":{"start":{"line":33,"column":38},"end":{"line":37,"column":5}},"5":{"start":{"line":39,"column":26},"end":{"line":43,"column":5}},"6":{"start":{"line":40,"column":8},"end":{"line":40,"column":29}},"7":{"start":{"line":41,"column":8},"end":{"line":41,"column":25}},"8":{"start":{"line":42,"column":8},"end":{"line":42,"column":27}},"9":{"start":{"line":45,"column":4},"end":{"line":87,"column":6}},"10":{"start":{"line":49,"column":20},"end":{"line":83,"column":37}},"11":{"start":{"line":56,"column":40},"end":{"line":56,"column":68}},"12":{"start":{"line":73,"column":36},"end":{"line":77,"column":46}}},"fnMap":{"0":{"name":"(anonymous_0)","decl":{"start":{"line":28,"column":60},"end":{"line":28,"column":61}},"loc":{"start":{"line":28,"column":105},"end":{"line":88,"column":1}},"line":28},"1":{"name":"(anonymous_1)","decl":{"start":{"line":39,"column":26},"end":{"line":39,"column":27}},"loc":{"start":{"line":39,"column":52},"end":{"line":43,"column":5}},"line":39},"2":{"name":"(anonymous_2)","decl":{"start":{"line":48,"column":30},"end":{"line":48,"column":31}},"loc":{"start":{"line":49,"column":20},"end":{"line":83,"column":37}},"line":49},"3":{"name":"(anonymous_3)","decl":{"start":{"line":55,"column":45},"end":{"line":55,"column":46}},"loc":{"start":{"line":55,"column":51},"end":{"line":57,"column":37}},"line":55},"4":{"name":"(anonymous_4)","decl":{"start":{"line":72,"column":55},"end":{"line":72,"column":56}},"loc":{"start":{"line":73,"column":36},"end":{"line":77,"column":46}},"line":73}},"branchMap":{"0":{"loc":{"start":{"line":52,"column":33},"end":{"line":52,"column":124}},"type":"binary-expr","locations":[{"start":{"line":52,"column":33},"end":{"line":52,"column":61}},{"start":{"line":52,"column":65},"end":{"line":52,"column":124}}],"line":52},"1":{"loc":{"start":{"line":63,"column":41},"end":{"line":65,"column":41}},"type":"binary-expr","locations":[{"start":{"line":63,"column":41},"end":{"line":63,"column":58}},{"start":{"line":63,"column":62},"end":{"line":63,"column":91}},{"start":{"line":64,"column":44},"end":{"line":64,"column":164}}],"line":63},"2":{"loc":{"start":{"line":64,"column":80},"end":{"line":64,"column":138}},"type":"cond-expr","locations":[{"start":{"line":64,"column":119},"end":{"line":64,"column":133}},{"start":{"line":64,"column":136},"end":{"line":64,"column":138}}],"line":64},"3":{"loc":{"start":{"line":64,"column":80},"end":{"line":64,"column":116}},"type":"binary-expr","locations":[{"start":{"line":64,"column":80},"end":{"line":64,"column":87}},{"start":{"line":64,"column":91},"end":{"line":64,"column":116}}],"line":64},"4":{"loc":{"start":{"line":70,"column":25},"end":{"line":80,"column":25}},"type":"binary-expr","locations":[{"start":{"line":70,"column":25},"end":{"line":70,"column":50}},{"start":{"line":70,"column":54},"end":{"line":70,"column":71}},{"start":{"line":70,"column":75},"end":{"line":70,"column":83}},{"start":{"line":70,"column":87},"end":{"line":70,"column":94}},{"start":{"line":71,"column":28},"end":{"line":79,"column":31}}],"line":70},"5":{"loc":{"start":{"line":74,"column":104},"end":{"line":74,"column":130}},"type":"cond-expr","locations":[{"start":{"line":74,"column":114},"end":{"line":74,"column":121}},{"start":{"line":74,"column":124},"end":{"line":74,"column":130}}],"line":74},"6":{"loc":{"start":{"line":82,"column":25},"end":{"line":82,"column":115}},"type":"binary-expr","locations":[{"start":{"line":82,"column":25},"end":{"line":82,"column":53}},{"start":{"line":82,"column":57},"end":{"line":82,"column":115}}],"line":82}},"s":{"0":1,"1":3,"2":3,"3":3,"4":3,"5":3,"6":1,"7":1,"8":1,"9":3,"10":6,"11":1,"12":2},"f":{"0":3,"1":1,"2":6,"3":1,"4":2},"b":{"0":[6,6],"1":[6,3,3],"2":[1,2],"3":[3,1],"4":[6,1,1,1,1],"5":[2,0],"6":[6,0]},"_coverageSchema":"1a1c01bbd47fc00a2c39e90264f33305004495a9","hash":"167a0fa64959299869f911d9e1f6f380241a198d"}
,"/home/technogetic/technogetic-iron-smart-ui/src/components/NavBar/NavBar.tsx": {"path":"/home/technogetic/technogetic-iron-smart-ui/src/components/NavBar/NavBar.tsx","statementMap":{"0":{"start":{"line":13,"column":45},"end":{"line":25,"column":1}},"1":{"start":{"line":14,"column":40},"end":{"line":19,"column":5}},"2":{"start":{"line":20,"column":4},"end":{"line":24,"column":6}}},"fnMap":{"0":{"name":"(anonymous_0)","decl":{"start":{"line":13,"column":45},"end":{"line":13,"column":46}},"loc":{"start":{"line":13,"column":103},"end":{"line":25,"column":1}},"line":13}},"branchMap":{"0":{"loc":{"start":{"line":13,"column":48},"end":{"line":13,"column":61}},"type":"default-arg","locations":[{"start":{"line":13,"column":56},"end":{"line":13,"column":61}}],"line":13}},"s":{"0":1,"1":2,"2":2},"f":{"0":2},"b":{"0":[1]},"_coverageSchema":"1a1c01bbd47fc00a2c39e90264f33305004495a9","hash":"e68069c770f687f0774860de0b4b07108afa3094"}
,"/home/technogetic/technogetic-iron-smart-ui/src/components/Sidebar/Sidebar.tsx": {"path":"/home/technogetic/technogetic-iron-smart-ui/src/components/Sidebar/Sidebar.tsx","statementMap":{"0":{"start":{"line":12,"column":47},"end":{"line":21,"column":1}},"1":{"start":{"line":13,"column":41},"end":{"line":18,"column":5}},"2":{"start":{"line":20,"column":4},"end":{"line":20,"column":117}}},"fnMap":{"0":{"name":"(anonymous_0)","decl":{"start":{"line":12,"column":47},"end":{"line":12,"column":48}},"loc":{"start":{"line":12,"column":96},"end":{"line":21,"column":1}},"line":12}},"branchMap":{"0":{"loc":{"start":{"line":12,"column":50},"end":{"line":12,"column":64}},"type":"default-arg","locations":[{"start":{"line":12,"column":58},"end":{"line":12,"column":64}}],"line":12}},"s":{"0":1,"1":2,"2":2},"f":{"0":2},"b":{"0":[1]},"_coverageSchema":"1a1c01bbd47fc00a2c39e90264f33305004495a9","hash":"dce4f8b447b2ee8cba7c6efedffd6e70172df6f8"}
,"/home/technogetic/technogetic-iron-smart-ui/src/components/Stack/Stack.tsx": {"path":"/home/technogetic/technogetic-iron-smart-ui/src/components/Stack/Stack.tsx","statementMap":{"0":{"start":{"line":14,"column":43},"end":{"line":30,"column":1}},"1":{"start":{"line":15,"column":39},"end":{"line":23,"column":5}},"2":{"start":{"line":25,"column":4},"end":{"line":29,"column":6}}},"fnMap":{"0":{"name":"(anonymous_0)","decl":{"start":{"line":14,"column":43},"end":{"line":14,"column":44}},"loc":{"start":{"line":14,"column":171},"end":{"line":30,"column":1}},"line":14}},"branchMap":{"0":{"loc":{"start":{"line":14,"column":46},"end":{"line":14,"column":61}},"type":"default-arg","locations":[{"start":{"line":14,"column":54},"end":{"line":14,"column":61}}],"line":14},"1":{"loc":{"start":{"line":14,"column":63},"end":{"line":14,"column":83}},"type":"default-arg","locations":[{"start":{"line":14,"column":75},"end":{"line":14,"column":83}}],"line":14},"2":{"loc":{"start":{"line":14,"column":85},"end":{"line":14,"column":101}},"type":"default-arg","locations":[{"start":{"line":14,"column":96},"end":{"line":14,"column":101}}],"line":14},"3":{"loc":{"start":{"line":14,"column":103},"end":{"line":14,"column":120}},"type":"default-arg","locations":[{"start":{"line":14,"column":113},"end":{"line":14,"column":120}}],"line":14},"4":{"loc":{"start":{"line":14,"column":122},"end":{"line":14,"column":133}},"type":"default-arg","locations":[{"start":{"line":14,"column":132},"end":{"line":14,"column":133}}],"line":14},"5":{"loc":{"start":{"line":14,"column":135},"end":{"line":14,"column":147}},"type":"default-arg","locations":[{"start":{"line":14,"column":142},"end":{"line":14,"column":147}}],"line":14},"6":{"loc":{"start":{"line":16,"column":17},"end":{"line":16,"column":50}},"type":"cond-expr","locations":[{"start":{"line":16,"column":28},"end":{"line":16,"column":41}},{"start":{"line":16,"column":44},"end":{"line":16,"column":50}}],"line":16},"7":{"loc":{"start":{"line":20,"column":18},"end":{"line":20,"column":42}},"type":"cond-expr","locations":[{"start":{"line":20,"column":25},"end":{"line":20,"column":31}},{"start":{"line":20,"column":34},"end":{"line":20,"column":42}}],"line":20},"8":{"loc":{"start":{"line":21,"column":13},"end":{"line":21,"column":45}},"type":"cond-expr","locations":[{"start":{"line":21,"column":23},"end":{"line":21,"column":37}},{"start":{"line":21,"column":40},"end":{"line":21,"column":45}}],"line":21}},"s":{"0":1,"1":2,"2":2},"f":{"0":2},"b":{"0":[1],"1":[1],"2":[1],"3":[1],"4":[1],"5":[1],"6":[1,1],"7":[1,1],"8":[1,1]},"_coverageSchema":"1a1c01bbd47fc00a2c39e90264f33305004495a9","hash":"10bd1e48dcab4b7b98963f4b87d5a5da70bd8222"}
,"/home/technogetic/technogetic-iron-smart-ui/src/components/Switch/Switch.tsx": {"path":"/home/technogetic/technogetic-iron-smart-ui/src/components/Switch/Switch.tsx","statementMap":{"0":{"start":{"line":10,"column":60},"end":{"line":13,"column":1}},"1":{"start":{"line":11,"column":50},"end":{"line":11,"column":55}},"2":{"start":{"line":12,"column":4},"end":{"line":12,"column":124}}},"fnMap":{"0":{"name":"(anonymous_0)","decl":{"start":{"line":10,"column":60},"end":{"line":10,"column":61}},"loc":{"start":{"line":10,"column":71},"end":{"line":13,"column":1}},"line":10}},"branchMap":{},"s":{"0":1,"1":1,"2":1},"f":{"0":1},"b":{},"_coverageSchema":"1a1c01bbd47fc00a2c39e90264f33305004495a9","hash":"bd6428dc9990cc6c8c78686615705e5512b90ce5"}
,"/home/technogetic/technogetic-iron-smart-ui/src/components/TextArea/TextArea.tsx": {"path":"/home/technogetic/technogetic-iron-smart-ui/src/components/TextArea/TextArea.tsx","statementMap":{"0":{"start":{"line":13,"column":69},"end":{"line":30,"column":1}},"1":{"start":{"line":14,"column":70},"end":{"line":14,"column":75}},"2":{"start":{"line":16,"column":4},"end":{"line":29,"column":6}}},"fnMap":{"0":{"name":"(anonymous_0)","decl":{"start":{"line":13,"column":69},"end":{"line":13,"column":70}},"loc":{"start":{"line":13,"column":80},"end":{"line":30,"column":1}},"line":13}},"branchMap":{"0":{"loc":{"start":{"line":20,"column":27},"end":{"line":20,"column":66}},"type":"cond-expr","locations":[{"start":{"line":20,"column":39},"end":{"line":20,"column":48}},{"start":{"line":20,"column":51},"end":{"line":20,"column":66}}],"line":20},"1":{"loc":{"start":{"line":21,"column":22},"end":{"line":21,"column":38}},"type":"cond-expr","locations":[{"start":{"line":21,"column":29},"end":{"line":21,"column":33}},{"start":{"line":21,"column":36},"end":{"line":21,"column":38}}],"line":21},"2":{"loc":{"start":{"line":22,"column":22},"end":{"line":22,"column":38}},"type":"cond-expr","locations":[{"start":{"line":22,"column":29},"end":{"line":22,"column":33}},{"start":{"line":22,"column":36},"end":{"line":22,"column":38}}],"line":22},"3":{"loc":{"start":{"line":24,"column":29},"end":{"line":24,"column":71}},"type":"cond-expr","locations":[{"start":{"line":24,"column":43},"end":{"line":24,"column":54}},{"start":{"line":24,"column":57},"end":{"line":24,"column":71}}],"line":24}},"s":{"0":1,"1":2,"2":2},"f":{"0":2},"b":{"0":[1,1],"1":[1,1],"2":[1,1],"3":[1,1]},"_coverageSchema":"1a1c01bbd47fc00a2c39e90264f33305004495a9","hash":"ba7057b9be26e8224f79cc3008f44132cef31bca"}
,"/home/technogetic/technogetic-iron-smart-ui/src/components/Tooltip/Tooltip.tsx": {"path":"/home/technogetic/technogetic-iron-smart-ui/src/components/Tooltip/Tooltip.tsx","statementMap":{"0":{"start":{"line":8,"column":81},"end":{"line":24,"column":1}},"1":{"start":{"line":9,"column":42},"end":{"line":9,"column":66}},"2":{"start":{"line":11,"column":29},"end":{"line":13,"column":5}},"3":{"start":{"line":12,"column":8},"end":{"line":12,"column":29}},"4":{"start":{"line":14,"column":29},"end":{"line":16,"column":5}},"5":{"start":{"line":15,"column":8},"end":{"line":15,"column":30}},"6":{"start":{"line":18,"column":4},"end":{"line":23,"column":6}}},"fnMap":{"0":{"name":"(anonymous_0)","decl":{"start":{"line":8,"column":81},"end":{"line":8,"column":82}},"loc":{"start":{"line":8,"column":105},"end":{"line":24,"column":1}},"line":8},"1":{"name":"(anonymous_1)","decl":{"start":{"line":11,"column":29},"end":{"line":11,"column":30}},"loc":{"start":{"line":11,"column":35},"end":{"line":13,"column":5}},"line":11},"2":{"name":"(anonymous_2)","decl":{"start":{"line":14,"column":29},"end":{"line":14,"column":30}},"loc":{"start":{"line":14,"column":35},"end":{"line":16,"column":5}},"line":14}},"branchMap":{"0":{"loc":{"start":{"line":21,"column":13},"end":{"line":21,"column":74}},"type":"binary-expr","locations":[{"start":{"line":21,"column":13},"end":{"line":21,"column":24}},{"start":{"line":21,"column":28},"end":{"line":21,"column":74}}],"line":21}},"s":{"0":1,"1":3,"2":3,"3":1,"4":3,"5":1,"6":3},"f":{"0":3,"1":1,"2":1},"b":{"0":[3,1]},"_coverageSchema":"1a1c01bbd47fc00a2c39e90264f33305004495a9","hash":"4077ded03d04ba73adacd03bd6daaeabc292eaa4"}
}
