TN:
SF:src\components\Button\Button.tsx
FN:8,(anonymous_0)
FNF:1
FNH:1
FNDA:4,(anonymous_0)
DA:8,1
DA:9,4
DA:10,4
DA:13,4
DA:14,4
DA:16,4
LF:6
LH:6
BRDA:10,0,0,4
BRDA:10,0,1,4
BRDA:13,1,0,0
BRDA:13,1,1,4
BRDA:14,2,0,0
BRDA:14,2,1,4
BRF:6
BRH:4
end_of_record
TN:
SF:src\components\Card\Card.tsx
FN:4,(anonymous_0)
FNF:1
FNH:1
FNDA:2,(anonymous_0)
DA:4,1
DA:5,2
DA:6,2
DA:13,2
DA:15,2
DA:16,2
LF:6
LH:6
BRDA:6,0,0,0
BRDA:6,0,1,2
BRDA:15,1,0,0
BRDA:15,1,1,2
BRDA:19,2,0,2
BRDA:19,2,1,0
BRF:6
BRH:3
end_of_record
TN:
SF:src\components\Switch\Switch.tsx
FN:10,(anonymous_0)
FNF:1
FNH:1
FNDA:4,(anonymous_0)
DA:10,2
DA:11,4
DA:12,4
LF:3
LH:3
BRF:0
BRH:0
end_of_record
