TN:
SF:src/assets/CloseIcon.tsx
FN:3,(anonymous_0)
FNF:1
FNH:1
FNDA:3,(anonymous_0)
DA:3,1
DA:4,3
LF:2
LH:2
BRF:0
BRH:0
end_of_record
TN:
SF:src/assets/ClosePassword.tsx
FN:3,(anonymous_0)
FNF:1
FNH:0
FNDA:0,(anonymous_0)
DA:3,1
DA:4,0
LF:2
LH:1
BRF:0
BRH:0
end_of_record
TN:
SF:src/assets/RightArrow.tsx
FN:3,(anonymous_0)
FNF:1
FNH:1
FNDA:3,(anonymous_0)
DA:3,1
DA:4,3
LF:2
LH:2
BRF:0
BRH:0
end_of_record
TN:
SF:src/assets/ShowPassword.tsx
FN:3,(anonymous_0)
FNF:1
FNH:1
FNDA:1,(anonymous_0)
DA:3,1
DA:4,1
LF:2
LH:2
BRF:0
BRH:0
end_of_record
TN:
SF:src/components/Alert/Alert.tsx
FN:12,(anonymous_0)
FN:14,(anonymous_1)
FN:18,(anonymous_2)
FNF:3
FNH:2
FNDA:5,(anonymous_0)
FNDA:1,(anonymous_1)
FNDA:0,(anonymous_2)
DA:12,1
DA:13,5
DA:14,5
DA:15,1
DA:17,5
DA:18,2
DA:19,0
DA:23,5
DA:24,1
DA:26,4
LF:10
LH:9
BRDA:12,0,0,0
BRDA:12,1,0,3
BRDA:12,2,0,1
BRDA:17,3,0,2
BRDA:17,3,1,3
BRDA:23,4,0,1
BRDA:23,4,1,4
BRDA:29,5,0,4
BRDA:29,5,1,3
BRF:9
BRH:8
end_of_record
TN:
SF:src/components/AuthHoc/AuthHoc.tsx
FN:8,(anonymous_0)
FN:9,(anonymous_1)
FNF:2
FNH:2
FNDA:1,(anonymous_0)
FNDA:1,(anonymous_1)
DA:8,1
DA:9,1
DA:10,1
DA:11,0
DA:13,1
DA:15,1
LF:6
LH:5
BRDA:10,0,0,0
BRDA:10,0,1,1
BRF:2
BRH:1
end_of_record
TN:
SF:src/components/Avatar/Avatar.tsx
FN:11,(anonymous_0)
FNF:1
FNH:1
FNDA:3,(anonymous_0)
DA:11,1
DA:12,3
LF:2
LH:2
BRDA:11,0,0,3
BRDA:13,1,0,1
BRDA:13,1,1,2
BRF:3
BRH:3
end_of_record
TN:
SF:src/components/Badge/Badge.tsx
FN:11,(anonymous_0)
FNF:1
FNH:1
FNDA:3,(anonymous_0)
DA:11,1
DA:12,3
DA:14,3
LF:3
LH:3
BRDA:11,0,0,2
BRDA:12,1,0,1
BRDA:12,1,1,2
BRF:3
BRH:3
end_of_record
TN:
SF:src/components/Button/Button.tsx
FN:15,(anonymous_0)
FNF:1
FNH:1
FNDA:5,(anonymous_0)
DA:15,1
DA:16,5
DA:17,5
DA:19,5
DA:20,5
DA:21,5
DA:22,0
DA:28,5
LF:8
LH:7
BRDA:17,0,0,5
BRDA:17,0,1,5
BRDA:19,1,0,0
BRDA:19,1,1,5
BRDA:20,2,0,0
BRDA:20,2,1,5
BRDA:21,3,0,0
BRDA:21,3,1,5
BRDA:23,4,0,0
BRDA:23,4,1,0
BRDA:24,5,0,0
BRDA:24,5,1,0
BRDA:29,6,0,1
BRDA:29,6,1,4
BRDA:29,7,0,1
BRDA:29,7,1,4
BRDA:30,8,0,4
BRDA:30,8,1,1
BRF:18
BRH:11
end_of_record
TN:
SF:src/components/Card/Card.tsx
FN:13,(anonymous_0)
FNF:1
FNH:1
FNDA:2,(anonymous_0)
DA:13,1
DA:14,2
DA:15,2
DA:18,2
DA:23,2
DA:30,2
LF:6
LH:6
BRDA:14,0,0,2
BRDA:14,1,0,2
BRDA:15,2,0,0
BRDA:15,2,1,2
BRDA:19,3,0,0
BRDA:19,3,1,2
BRDA:19,4,0,0
BRDA:19,4,1,0
BRF:8
BRH:4
end_of_record
TN:
SF:src/components/Drawer/Drawer.tsx
FN:13,(anonymous_0)
FNF:1
FNH:1
FNDA:2,(anonymous_0)
DA:13,1
DA:14,2
DA:21,2
LF:3
LH:3
BRDA:13,0,0,1
BRDA:13,1,0,2
BRDA:21,2,0,2
BRDA:21,2,1,2
BRF:4
BRH:4
end_of_record
TN:
SF:src/components/Input/Input.tsx
FN:21,(anonymous_0)
FN:26,(anonymous_1)
FN:27,(anonymous_2)
FNF:3
FNH:1
FNDA:4,(anonymous_0)
FNDA:0,(anonymous_1)
FNDA:0,(anonymous_2)
DA:21,1
DA:22,4
DA:24,4
DA:26,4
DA:27,0
DA:30,4
DA:32,4
DA:34,4
DA:35,4
DA:36,4
DA:38,4
DA:39,4
DA:40,4
DA:42,4
LF:14
LH:13
BRDA:30,0,0,1
BRDA:30,0,1,3
BRDA:30,1,0,0
BRDA:30,1,1,1
BRDA:32,2,0,1
BRDA:32,2,1,3
BRDA:38,3,0,4
BRDA:38,3,1,0
BRDA:39,4,0,1
BRDA:39,4,1,3
BRDA:40,5,0,0
BRDA:40,5,1,4
BRDA:44,6,0,4
BRDA:44,6,1,1
BRDA:49,7,0,0
BRDA:49,7,1,1
BRDA:54,8,0,4
BRDA:54,8,1,3
BRDA:54,8,2,2
BRDA:54,8,3,1
BRDA:61,9,0,4
BRDA:61,9,1,3
BRDA:61,9,2,1
BRDA:73,10,0,4
BRDA:73,10,1,3
BRDA:73,10,2,1
BRF:26
BRH:22
end_of_record
TN:
SF:src/components/Menu/Menu.tsx
FN:29,(anonymous_0)
FN:41,(anonymous_1)
FN:50,(anonymous_2)
FN:57,(anonymous_3)
FN:76,(anonymous_4)
FNF:5
FNH:5
FNDA:3,(anonymous_0)
FNDA:1,(anonymous_1)
FNDA:6,(anonymous_2)
FNDA:1,(anonymous_3)
FNDA:2,(anonymous_4)
DA:29,1
DA:30,3
DA:31,3
DA:32,3
DA:33,3
DA:35,3
DA:41,3
DA:42,1
DA:43,1
DA:44,1
DA:47,3
DA:51,6
DA:58,1
DA:77,2
LF:14
LH:14
BRDA:54,0,0,6
BRDA:54,0,1,6
BRDA:65,1,0,6
BRDA:65,1,1,3
BRDA:65,1,2,3
BRDA:66,2,0,1
BRDA:66,2,1,2
BRDA:66,3,0,3
BRDA:66,3,1,1
BRDA:72,4,0,6
BRDA:72,4,1,1
BRDA:72,4,2,1
BRDA:72,4,3,1
BRDA:72,4,4,1
BRDA:80,5,0,2
BRDA:80,5,1,0
BRDA:87,6,0,6
BRDA:87,6,1,0
BRF:18
BRH:16
end_of_record
TN:
SF:src/components/NavBar/NavBar.tsx
FN:12,(anonymous_0)
FNF:1
FNH:1
FNDA:2,(anonymous_0)
DA:12,1
DA:13,2
DA:19,2
LF:3
LH:3
BRDA:12,0,0,1
BRF:1
BRH:1
end_of_record
TN:
SF:src/components/Sidebar/Sidebar.tsx
FN:12,(anonymous_0)
FNF:1
FNH:1
FNDA:2,(anonymous_0)
DA:12,1
DA:13,2
DA:20,2
LF:3
LH:3
BRDA:12,0,0,1
BRF:1
BRH:1
end_of_record
TN:
SF:src/components/Switch/Switch.tsx
FN:10,(anonymous_0)
FNF:1
FNH:1
FNDA:1,(anonymous_0)
DA:10,1
DA:11,1
DA:12,1
LF:3
LH:3
BRF:0
BRH:0
end_of_record
TN:
SF:src/components/TextArea/TextArea.tsx
FN:13,(anonymous_0)
FNF:1
FNH:1
FNDA:2,(anonymous_0)
DA:13,1
DA:14,2
DA:16,2
LF:3
LH:3
BRDA:20,0,0,1
BRDA:20,0,1,1
BRDA:21,1,0,1
BRDA:21,1,1,1
BRDA:22,2,0,1
BRDA:22,2,1,1
BRDA:24,3,0,1
BRDA:24,3,1,1
BRF:8
BRH:8
end_of_record
TN:
SF:src/components/Tooltip/Tooltip.tsx
FN:8,(anonymous_0)
FN:11,(anonymous_1)
FN:14,(anonymous_2)
FNF:3
FNH:3
FNDA:3,(anonymous_0)
FNDA:1,(anonymous_1)
FNDA:1,(anonymous_2)
DA:8,1
DA:9,3
DA:11,3
DA:12,1
DA:14,3
DA:15,1
DA:18,3
LF:7
LH:7
BRDA:21,0,0,3
BRDA:21,0,1,1
BRF:2
BRH:2
end_of_record
